E:\OPENCV_WORK\OPENCV\OPENCV\DEBUG\IMWRITE.OBJ
E:\OPENCV_WORK\OPENCV\OPENCV\DEBUG\TRACKBAR.OBJ
E:\OPENCV_WORK\OPENCV\OPENCV\DEBUG\VC110.PDB
E:\OPENCV_WORK\OPENCV\DEBUG\3-HIGHGUI.ILK
E:\OPENCV_WORK\OPENCV\DEBUG\3-HIGHGUI.EXE
E:\OPENCV_WORK\OPENCV\DEBUG\3-HIGHGUI.PDB
E:\opencv_work\opencv\opencv\Debug\imwrite.obj
E:\opencv_work\opencv\opencv\Debug\trackbar.obj
E:\opencv_work\opencv\opencv\Debug\cl.command.1.tlog
E:\opencv_work\opencv\opencv\Debug\CL.read.1.tlog
E:\opencv_work\opencv\opencv\Debug\CL.write.1.tlog
E:\opencv_work\opencv\opencv\Debug\link-cvtres.read.1.tlog
E:\opencv_work\opencv\opencv\Debug\link-cvtres.write.1.tlog
E:\opencv_work\opencv\opencv\Debug\link-rc.read.1.tlog
E:\opencv_work\opencv\opencv\Debug\link-rc.write.1.tlog
E:\opencv_work\opencv\opencv\Debug\link.command.1.tlog
E:\opencv_work\opencv\opencv\Debug\link.read.1.tlog
E:\opencv_work\opencv\opencv\Debug\link.write.1.tlog
E:\opencv_work\opencv\opencv\Debug\vc110.idb
E:\opencv_work\opencv\opencv\Debug\vc110.pdb
E:\opencv_work\opencv\Debug\3-HighGui.pdb
E:\opencv_work\opencv\Debug\3-HighGui.exe
E:\opencv_work\opencv\Debug\3-HighGui.ilk
