E:\OPENCV_WORK\1-5-2\1-5-2\DEBUG\图像腐蚀.OBJ
E:\OPENCV_WORK\1-5-2\1-5-2\DEBUG\VC110.PDB
E:\OPENCV_WORK\1-5-2\1-5-2\DEBUG\CAMSHIFT.OBJ
E:\OPENCV_WORK\1-5-2\1-5-2\DEBUG\图像模糊.OBJ
E:\OPENCV_WORK\1-5-2\1-5-2\DEBUG\OPTICAL_FLOW.OBJ
E:\OPENCV_WORK\1-5-2\DEBUG\1-5-2.ILK
E:\OPENCV_WORK\1-5-2\DEBUG\1-5-2.EXE
E:\OPENCV_WORK\1-5-2\DEBUG\1-5-2.PDB
E:\opencv_work\1-5-2\1-5-2\Debug\camshift.obj
E:\opencv_work\1-5-2\1-5-2\Debug\optical_flow.obj
E:\opencv_work\1-5-2\1-5-2\Debug\图像模糊.obj
E:\opencv_work\1-5-2\1-5-2\Debug\图像腐蚀.obj
E:\opencv_work\1-5-2\1-5-2\Debug\cl.command.1.tlog
E:\opencv_work\1-5-2\1-5-2\Debug\CL.read.1.tlog
E:\opencv_work\1-5-2\1-5-2\Debug\CL.write.1.tlog
E:\opencv_work\1-5-2\1-5-2\Debug\link-cvtres.read.1.tlog
E:\opencv_work\1-5-2\1-5-2\Debug\link-cvtres.write.1.tlog
E:\opencv_work\1-5-2\1-5-2\Debug\link-rc.read.1.tlog
E:\opencv_work\1-5-2\1-5-2\Debug\link-rc.write.1.tlog
E:\opencv_work\1-5-2\1-5-2\Debug\link.17048-cvtres.read.1.tlog
E:\opencv_work\1-5-2\1-5-2\Debug\link.17048-cvtres.write.1.tlog
E:\opencv_work\1-5-2\1-5-2\Debug\link.17048-rc.read.1.tlog
E:\opencv_work\1-5-2\1-5-2\Debug\link.17048-rc.write.1.tlog
E:\opencv_work\1-5-2\1-5-2\Debug\link.17048.read.1.tlog
E:\opencv_work\1-5-2\1-5-2\Debug\link.17048.write.1.tlog
E:\opencv_work\1-5-2\1-5-2\Debug\link.5944-cvtres.read.1.tlog
E:\opencv_work\1-5-2\1-5-2\Debug\link.5944-cvtres.write.1.tlog
E:\opencv_work\1-5-2\1-5-2\Debug\link.5944-rc.read.1.tlog
E:\opencv_work\1-5-2\1-5-2\Debug\link.5944-rc.write.1.tlog
E:\opencv_work\1-5-2\1-5-2\Debug\link.5944.read.1.tlog
E:\opencv_work\1-5-2\1-5-2\Debug\link.5944.write.1.tlog
E:\opencv_work\1-5-2\1-5-2\Debug\link.9928-cvtres.read.1.tlog
E:\opencv_work\1-5-2\1-5-2\Debug\link.9928-cvtres.write.1.tlog
E:\opencv_work\1-5-2\1-5-2\Debug\link.9928-rc.read.1.tlog
E:\opencv_work\1-5-2\1-5-2\Debug\link.9928-rc.write.1.tlog
E:\opencv_work\1-5-2\1-5-2\Debug\link.9928.read.1.tlog
E:\opencv_work\1-5-2\1-5-2\Debug\link.9928.write.1.tlog
E:\opencv_work\1-5-2\1-5-2\Debug\link.command.1.tlog
E:\opencv_work\1-5-2\1-5-2\Debug\link.read.1.tlog
E:\opencv_work\1-5-2\1-5-2\Debug\link.write.1.tlog
E:\opencv_work\1-5-2\1-5-2\Debug\vc110.idb
E:\opencv_work\1-5-2\1-5-2\Debug\vc110.pdb
