E:\OPENCV_WORK\OPENCV\4-CVCOLOR\DEBUG\CVCOLOR.OBJ
E:\OPENCV_WORK\OPENCV\4-CVCOLOR\DEBUG\VC110.PDB
E:\OPENCV_WORK\OPENCV\DEBUG\4-DRAW.ILK
E:\OPENCV_WORK\OPENCV\DEBUG\4-DRAW.EXE
E:\OPENCV_WORK\OPENCV\DEBUG\4-DRAW.PDB
E:\opencv_work\opencv\4-cvColor\Debug\cvColor.obj
E:\opencv_work\opencv\4-cvColor\Debug\cl.command.1.tlog
E:\opencv_work\opencv\4-cvColor\Debug\CL.read.1.tlog
E:\opencv_work\opencv\4-cvColor\Debug\CL.write.1.tlog
E:\opencv_work\opencv\4-cvColor\Debug\link-cvtres.read.1.tlog
E:\opencv_work\opencv\4-cvColor\Debug\link-cvtres.write.1.tlog
E:\opencv_work\opencv\4-cvColor\Debug\link-rc.read.1.tlog
E:\opencv_work\opencv\4-cvColor\Debug\link-rc.write.1.tlog
E:\opencv_work\opencv\4-cvColor\Debug\link.command.1.tlog
E:\opencv_work\opencv\4-cvColor\Debug\link.read.1.tlog
E:\opencv_work\opencv\4-cvColor\Debug\link.write.1.tlog
E:\opencv_work\opencv\4-cvColor\Debug\vc110.idb
E:\opencv_work\opencv\4-cvColor\Debug\vc110.pdb
E:\opencv_work\opencv\Debug\4-draw.pdb
E:\opencv_work\opencv\Debug\4-draw.exe
E:\opencv_work\opencv\Debug\4-draw.ilk
